[0m13:03:24.370683 [debug] [MainThread]: Sending event: {'category': 'dbt', 'action': 'invocation', 'label': 'start', 'context': [<snowplow_tracker.self_describing_json.SelfDescribingJson object at 0x00000252FF3280A0>, <snowplow_tracker.self_describing_json.SelfDescribingJson object at 0x0000025281284520>, <snowplow_tracker.self_describing_json.SelfDescribingJson object at 0x00000252812840A0>]}


============================== 13:03:24.370683 | d5f686ea-91e1-47e1-b6ff-21db3feaea80 ==============================
[0m13:03:24.370683 [info ] [MainThread]: Running with dbt=1.5.3
[0m13:03:24.370683 [debug] [MainThread]: running dbt with arguments {'printer_width': '80', 'indirect_selection': 'eager', 'write_json': 'True', 'log_cache_events': 'False', 'partial_parse': 'True', 'cache_selected_only': 'False', 'warn_error': 'None', 'version_check': 'True', 'profiles_dir': 'C:\\Users\\Allan\\.dbt', 'log_path': 'logs', 'debug': 'False', 'fail_fast': 'False', 'use_colors': 'True', 'use_experimental_parser': 'False', 'no_print': 'None', 'quiet': 'False', 'log_format': 'default', 'introspect': 'True', 'static_parser': 'True', 'warn_error_options': 'WarnErrorOptions(include=[], exclude=[])', 'target_path': 'None', 'send_anonymous_usage_stats': 'True'}
[0m13:03:24.387052 [debug] [MainThread]: Starter project path: C:\Users\Allan\OneDrive\Área de Trabalho\pipe\env\lib\site-packages\dbt\include\starter_project
[0m13:09:30.980974 [info ] [MainThread]: 
Your new dbt project "desafio" was created!

For more information on how to configure the profiles.yml file,
please consult the dbt documentation here:

  https://docs.getdbt.com/docs/configure-your-profile

One more thing:

Need help? Don't hesitate to reach out to us via GitHub issues or on Slack:

  https://community.getdbt.com/

Happy modeling!

[0m13:09:30.985212 [debug] [MainThread]: Command `dbt init` succeeded at 13:09:30.985212 after 366.67 seconds
[0m13:09:30.986223 [debug] [MainThread]: Sending event: {'category': 'dbt', 'action': 'invocation', 'label': 'end', 'context': [<snowplow_tracker.self_describing_json.SelfDescribingJson object at 0x00000252FF3280A0>, <snowplow_tracker.self_describing_json.SelfDescribingJson object at 0x0000025281284310>, <snowplow_tracker.self_describing_json.SelfDescribingJson object at 0x00000252812845E0>]}
[0m13:09:30.987226 [debug] [MainThread]: Flushing usage events
[0m13:14:21.124099 [debug] [MainThread]: Sending event: {'category': 'dbt', 'action': 'invocation', 'label': 'start', 'context': [<snowplow_tracker.self_describing_json.SelfDescribingJson object at 0x00000212AE1D7850>, <snowplow_tracker.self_describing_json.SelfDescribingJson object at 0x00000212B0127640>, <snowplow_tracker.self_describing_json.SelfDescribingJson object at 0x00000212B0127490>]}


============================== 13:14:21.128689 | 16a491a0-12c3-4985-9808-1c38951f925c ==============================
[0m13:14:21.128689 [info ] [MainThread]: Running with dbt=1.5.3
[0m13:14:21.130325 [debug] [MainThread]: running dbt with arguments {'printer_width': '80', 'indirect_selection': 'eager', 'write_json': 'True', 'log_cache_events': 'False', 'partial_parse': 'True', 'cache_selected_only': 'False', 'warn_error': 'None', 'version_check': 'True', 'profiles_dir': 'C:\\Users\\Allan\\.dbt', 'log_path': 'logs', 'fail_fast': 'False', 'debug': 'False', 'use_colors': 'True', 'use_experimental_parser': 'False', 'no_print': 'None', 'quiet': 'False', 'warn_error_options': 'WarnErrorOptions(include=[], exclude=[])', 'introspect': 'True', 'log_format': 'default', 'static_parser': 'True', 'target_path': 'None', 'send_anonymous_usage_stats': 'True'}
[0m13:14:21.131548 [error] [MainThread]: Encountered an error:
Runtime Error
  No dbt_project.yml found at expected path C:\Users\Allan\OneDrive\Área de Trabalho\pipe\dbt_project.yml
  Verify that each entry within packages.yml (and their transitive dependencies) contains a file named dbt_project.yml
  
[0m13:14:21.135018 [debug] [MainThread]: Command `dbt compile` failed at 13:14:21.135018 after 0.06 seconds
[0m13:14:21.137035 [debug] [MainThread]: Sending event: {'category': 'dbt', 'action': 'invocation', 'label': 'end', 'context': [<snowplow_tracker.self_describing_json.SelfDescribingJson object at 0x00000212AE1D7850>, <snowplow_tracker.self_describing_json.SelfDescribingJson object at 0x00000212B01272E0>, <snowplow_tracker.self_describing_json.SelfDescribingJson object at 0x00000212B01276D0>]}
[0m13:14:21.137035 [debug] [MainThread]: Flushing usage events
